         ns         /mp3_cpu/aPipelineDP/sID/aRegFile/RAM       
          delta                                                 
           /mp3_cpu/PipeMem/mdCache/mDcacheDataPath/Evict_H     
          0  +0 {XXXX XXXX XXXX XXXX XXXX XXXX XXXX XXXX} U 
          0  +2 {0000 0000 0000 0000 0000 0000 0000 0000} 0 
        841  +1 {0000 0000 0000 0000 0000 0000 0000 0010} 0 
       4291  +1 {0000 0000 0000 0000 0000 0070 0000 0010} 0 
       5291  +1 {000A 0000 0000 0000 0000 0070 0000 0010} 0 
       6241  +1 {000A 0000 0000 0000 0000 0070 007A 0010} 0 
       6591  +1 {000A 0000 0000 0000 0076 0070 007A 0010} 0 
       7541  +1 {000A 0000 0000 0000 0076 0070 00F0 0010} 0 
       8491  +1 {000A 0000 0000 0000 0076 0070 01E0 0010} 0 
      11141  +1 {000A 0000 0000 0000 0076 0070 270F 0010} 0 
      12141  +1 {000A 0000 0000 0000 0076 002A 270F 0010} 0 
      13091  +1 {000A 000A 0000 0000 0076 002A 270F 0010} 0 
      14041  +1 {000A 000A 000A 0000 0076 002A 270F 0010} 0 
      16091  +1 {BAC8 000A 000A 0000 0076 002A 270F 0010} 0 
      17041  +1 {4537 000A 000A 0000 0076 002A 270F 0010} 0 
      19041  +1 {4537 000A 000A 0000 0076 002A 0D0D 0010} 0 
      19991  +1 {4537 000A 000A 0000 0076 D0D0 0D0D 0010} 0 
      20941  +1 {4537 000A 000A 0000 0343 D0D0 0D0D 0010} 0 
      21891  +1 {4537 000A 000A 0000 0343 A1A0 0D0D 0010} 0 
      22241  +1 {4537 000A 000A 0000 01A1 A1A0 0D0D 0010} 0 
      23191  +1 {4537 000A 000A 0000 01A1 A341 0D0D 0010} 0 
      24141  +1 {4537 000A 000A 0000 01A1 A342 0D0D 0010} 0 
      25091  +1 {4537 000A 000A 01A1 01A1 A342 0D0D 0010} 0 
      26091  +1 {4537 000A 000A 01A1 01A1 A342 9884 0010} 0 
      27041  +1 {4537 000A FE62 01A1 01A1 A342 9884 0010} 0 
      30391  +1 {4537 000A FE62 01A1 01A1 A342 003A 0010} 0 
      32341  +1 {4537 000A FE6F 01A1 01A1 A342 003A 0010} 0 
      34491  +1 {4537 000A FE6F 01A1 01A1 A342 0003 0010} 0 
      35491  +1 {4537 000A FE6F 01A1 01A1 0007 0003 0010} 0 
      36441  +1 {4537 000A FE6F 01A1 0000 0007 0003 0010} 0 
      36791  +1 {4537 000A FE6F 01A1 0000 000C 0003 0010} 0 
      37741  +1 {4537 000A FE6F 01A1 0000 000C 0002 0010} 0 
      38891  +1 {4537 000A FE6F 01A1 0000 0011 0002 0010} 0 
      39241  +1 {4537 000A FE6F 01A1 0000 0011 0001 0010} 0 
      39791  +1 {4537 000A FE6F 01A1 0000 0016 0001 0010} 0 
      40141  +1 {4537 000A FE6F 01A1 0000 0016 0000 0010} 0 
      41441  +1 {4537 000A FE6F 01A1 0000 0016 0007 0010} 0 
      42391  +1 {4537 000A FE6F 01A1 0000 0010 0007 0010} 0 
      43541  +1 {4537 000A FE6F 01A1 0000 0010 000E 0010} 0 
      43891  +1 {4537 000A FE6F 01A1 0000 000A 000E 0010} 0 
      44441  +1 {4537 000A FE6F 01A1 0000 000A 0015 0010} 0 
      44791  +1 {4537 000A FE6F 01A1 0000 0004 0015 0010} 0 
      45341  +1 {4537 000A FE6F 01A1 0000 0004 001C 0010} 0 
      45691  +1 {4537 000A FE6F 01A1 0000 FFFE 001C 0010} 0 
      48741  +1 {4537 000A FE6F 01A1 0000 001A 001C 0010} 0 
      50741  +1 {4537 0000 FE6F 01A1 0000 001A 001C 0010} 0 
      51691  +1 {02F2 0000 FE6F 01A1 0000 001A 001C 0010} 0 
      52491  +1 {02F2 FD0D FE6F 01A1 0000 001A 001C 0010} 0 
      55541  +1 {02F2 FD0D 000D 01A1 0000 001A 001C 0010} 0 
      56491  +1 {02F2 FD0D 000D 01A1 0344 001A 001C 0010} 0 
      59341  +1 {02F2 FD0D 0BAD 01A1 0344 001A 001C 0010} 0 
      60891  +1 {0362 FD0D 0BAD 01A1 0344 001A 001C 0010} 0 
      62341  +1 {0362 FD0D AE85 01A1 0344 001A 001C 0010} 0 
      63291  +1 {0362 FD0D 517A 01A1 0344 001A 001C 0010} 0 
      66341  +1 {0362 FD0D 517A 01A1 0344 001A 0000 0010} 0 
      67291  +1 {0362 FD0D 517A 01A1 0344 001A 0008 0010} 0 
      67641  +1 {0362 FD0D 517A 01A1 0344 001A 0011 0010} 0 
      68641  +1 {0362 FD0D 517A 01A1 0344 0085 0011 0010} 0 
      69641  +1 {0362 FD0D 517A 01A1 00AE 0085 0011 0010} 0 
      70591  +1 {0362 FD0D 517A 0133 00AE 0085 0011 0010} 0 
      72541  +1 {0362 FD0D 517A 0133 00AE 0090 0011 0010} 0 
      73491  +1 {0362 FD0D 517A 0133 00AC 0090 0011 0010} 0 
      74441  +1 {0362 FD0D 517A 0133 00AC 0090 0416 0010} 0 
      78291  +1 {0362 FD0D 517A 90AC 00AC 0090 0416 0010} 0 
      80241  +1 {0362 FD0D 517A 90AC 0416 0090 0416 0010} 0 
      81741  +1 {0362 FD0D 517A 90AC 0646 0090 0416 0010} 0 
      83691  +1 {0362 FD0D 517A 051A 0646 0090 0416 0010} 0 
      85841  +1 {0362 FD0D 517A 051A 0646 126C 0416 0010} 0 
      86841  +1 {0362 FD0D 517A 051A 0646 126F 0416 0010} 0 
      87791  +1 {0362 FD0D 517A 051A 0646 126F 0000 0010} 0 
      88741  +1 {0362 FD0D 517A 051A 0646 126F 000C 0010} 0 
      90091  +1 {0362 FD0D 517A 051A 0646 126F 0011 0010} 0 
      91091  +1 {0362 FD0D 517A 051A AE85 126F 0011 0010} 0 
      92041  +1 {0362 0416 517A 051A AE85 126F 0011 0010} 0 
      94691  +1 {0362 0416 517A 051A AE85 126F AE85 0010} 0 
      96641  +1 {0362 0416 517A 051A AE85 126F 0BAD 0010} 0 
      96991  +1 {0362 0416 517A 051A AE85 0448 0BAD 0010} 0 
      97941  +1 {05A8 0416 517A 051A AE85 0448 0BAD 0010} 0 
      98791  +1 {05A8 0416 517A 051A 5460 0448 0BAD 0010} 0 
      99741  +1 {05A8 0416 517A 051A 5460 0448 600D 0010} 0 
     102791  +1 {05A8 0416 517A 051A 5460 0448 0012 0010} 0 
     103741  +1 {05A8 0000 517A 051A 5460 0448 0012 0010} 0 
     106091  +1 {05A8 0416 517A 051A 5460 0448 0012 0010} 0 
     107441  +1 {05A8 0416 517A 051A 5460 0448 0012 064A} 0 
     108136  +1 {05A8 0416 517A 051A 5460 0448 000A 064A} 0 
     108136  +2 {05A8 0416 517A 051A 5460 0448 0009 064A} 0 
     108291  +1 {05A8 0416 517A 051A 5460 70CF 0009 064A} 0 
     109041  +1 {05A8 0416 70D8 051A 5460 70CF 0009 064A} 0 
     109891  +1 {05A8 0416 E1B0 051A 5460 70CF 0009 064A} 1 
     109936  +1 {05A8 0416 E1B0 051A 5460 E19E 0009 064A} 1 
     110691  +1 {05A8 E19E E1B0 051A 5460 E19E 0009 064A} 0 
     111636  +1 {05A8 E19E E1B0 051A E19E E19E 0009 064A} 0 
     111636  +2 {05A8 E19E E1B0 051A E1B0 E19E 0009 064A} 0 
     111741  +1 {05A8 E19E E1B0 051A C34E E19E 0009 064A} 0 
     111786  +1 {05A8 E19E E1B0 051A C34E 869C 0009 064A} 0 
     111836  +1 {05A8 E19E E1B0 051A C34E 869C 0608 064A} 0 
     111886  +1 {05A8 E19E E1B0 820C C34E 869C 0608 064A} 0 
     111936  +1 {7DF3 E19E E1B0 820C C34E 869C 0608 064A} 0 
     111986  +1 {7DF3 7DF3 E1B0 820C C34E 869C 0608 064A} 0 
     112636  +1 {7DF3 7DF3 E1B0 FBE6 C34E 869C 0608 064A} 0 
